
--- Sistem başlatıldı: 2025-04-03 10:16:26.943695 ---
GPU kullanımı: Etkin

--- Sistem başlatıldı: 2025-04-03 10:18:29.268903 ---
GPU kullanımı: Etkin

--- Sistem başlatıldı: 2025-04-03 21:05:53.163346 ---
GPU kullanımı: Etkin

--- Sistem başlatıldı: 2025-04-03 21:10:13.618603 ---
GPU kullanımı: Etkin

--- Sistem başlatıldı: 2025-04-03 21:14:29.513421 ---
GPU kullanımı: Etkin

--- Sistem başlatıldı: 2025-04-03 21:24:46.923732 ---
GPU kullanımı: Etkin

--- Sistem başlatıldı: 2025-04-03 21:29:19.573142 ---
GPU kullanımı: Etkin

--- Sistem başlatıldı: 2025-04-03 21:31:39.501097 ---
GPU kullanımı: Etkin

--- Sistem başlatıldı: 2025-04-04 13:46:23.577241 ---
GPU kullanımı: Etkin

--- Sistem başlatıldı: 2025-04-04 13:52:51.234578 ---
GPU kullanımı: Etkin

--- Sistem başlatıldı: 2025-04-04 13:55:53.794738 ---
GPU kullanımı: Etkin

--- Sistem başlatıldı: 2025-04-04 13:59:59.617172 ---
GPU kullanımı: Etkin

--- Sistem başlatıldı: 2025-04-04 14:11:30.563409 ---
GPU kullanımı: Etkin

--- 2025-04-04 14:16:23.977789 ---
Çalışma süresi: 0 saat, 5 dakika, 0 saniye
Bellek kullanımı: 1011.26 MB
CPU kullanımı: 7.8%
İşlenen toplam kare: 5431
Tespit edilen toplam plaka: 0
Plaka sözlüğü boyutu: 0
---------------------------

--- Sistem başlatıldı: 2025-04-04 14:19:43.868763 ---
GPU kullanımı: Etkin

--- 2025-04-04 14:24:36.667997 ---
Çalışma süresi: 0 saat, 5 dakika, 0 saniye
Bellek kullanımı: 976.62 MB
CPU kullanımı: 12.5%
İşlenen toplam kare: 7404
Tespit edilen toplam plaka: 0
Plaka sözlüğü boyutu: 0
---------------------------

--- 2025-04-04 14:29:36.680386 ---
Çalışma süresi: 0 saat, 10 dakika, 0 saniye
Bellek kullanımı: 994.23 MB
CPU kullanımı: 9.4%
İşlenen toplam kare: 12582
Tespit edilen toplam plaka: 0
Plaka sözlüğü boyutu: 0
---------------------------

--- Sistem başlatıldı: 2025-04-04 14:33:00.449747 ---
GPU kullanımı: Etkin

--- Sistem başlatıldı: 2025-04-04 14:34:40.441590 ---
GPU kullanımı: Etkin

--- Sistem başlatıldı: 2025-04-04 14:39:39.643115 ---
GPU kullanımı: Etkin

--- Sistem başlatıldı: 2025-04-04 15:03:08.901152 ---
GPU kullanımı: Etkin

--- Sistem başlatıldı: 2025-04-04 15:06:55.416395 ---
GPU kullanımı: Etkin

--- Sistem başlatıldı: 2025-04-04 15:12:11.298764 ---
GPU kullanımı: Etkin

--- Sistem başlatıldı: 2025-04-04 15:13:43.786610 ---
GPU kullanımı: Etkin

--- 2025-04-04 15:18:36.781595 ---
Çalışma süresi: 0 saat, 5 dakika, 0 saniye
Bellek kullanımı: 835.94 MB
CPU kullanımı: 0.0%
İşlenen toplam kare: 3463
Tespit edilen toplam plaka: 0
Plaka sözlüğü boyutu: 0
---------------------------

--- Sistem başlatıldı: 2025-04-04 15:33:57.038666 ---
GPU kullanımı: Etkin

--- Sistem başlatıldı: 2025-04-04 15:35:02.553692 ---
GPU kullanımı: Etkin

--- Sistem başlatıldı: 2025-04-04 15:37:34.948281 ---
GPU kullanımı: Etkin

--- Sistem başlatıldı: 2025-04-04 15:40:13.333625 ---
GPU kullanımı: Etkin

--- Sistem başlatıldı: 2025-04-04 15:42:51.631166 ---
GPU kullanımı: Etkin

--- Sistem başlatıldı: 2025-04-04 15:55:22.400761 ---
GPU kullanımı: Etkin

--- Sistem başlatıldı: 2025-04-04 15:57:48.848549 ---
GPU kullanımı: Etkin

--- Sistem başlatıldı: 2025-04-04 15:59:22.116924 ---
GPU kullanımı: Etkin

--- Sistem başlatıldı: 2025-04-04 16:02:31.871274 ---
GPU kullanımı: Etkin

--- 2025-04-04 16:07:25.835424 ---
Çalışma süresi: 0 saat, 5 dakika, 0 saniye
Bellek kullanımı: 974.40 MB
CPU kullanımı: 3.1%
İşlenen toplam kare: 8116
Tespit edilen toplam plaka: 0
Plaka sözlüğü boyutu: 1
---------------------------

--- 2025-04-04 16:12:25.843652 ---
Çalışma süresi: 0 saat, 10 dakika, 0 saniye
Bellek kullanımı: 938.88 MB
CPU kullanımı: 1.6%
İşlenen toplam kare: 16999
Tespit edilen toplam plaka: 0
Plaka sözlüğü boyutu: 1
---------------------------

--- 2025-04-04 16:17:25.866583 ---
Çalışma süresi: 0 saat, 15 dakika, 0 saniye
Bellek kullanımı: 940.56 MB
CPU kullanımı: 6.2%
İşlenen toplam kare: 25673
Tespit edilen toplam plaka: 0
Plaka sözlüğü boyutu: 1
---------------------------

--- 2025-04-04 16:22:25.935752 ---
Çalışma süresi: 0 saat, 20 dakika, 0 saniye
Bellek kullanımı: 940.75 MB
CPU kullanımı: 3.1%
İşlenen toplam kare: 34641
Tespit edilen toplam plaka: 0
Plaka sözlüğü boyutu: 1
---------------------------

--- 2025-04-04 16:27:25.972143 ---
Çalışma süresi: 0 saat, 25 dakika, 0 saniye
Bellek kullanımı: 939.79 MB
CPU kullanımı: 1.6%
İşlenen toplam kare: 43610
Tespit edilen toplam plaka: 0
Plaka sözlüğü boyutu: 1
---------------------------

--- 2025-04-04 16:32:25.980749 ---
Çalışma süresi: 0 saat, 30 dakika, 0 saniye
Bellek kullanımı: 940.41 MB
CPU kullanımı: 1.6%
İşlenen toplam kare: 52578
Tespit edilen toplam plaka: 0
Plaka sözlüğü boyutu: 1
---------------------------

--- 2025-04-04 16:37:26.009866 ---
Çalışma süresi: 0 saat, 35 dakika, 0 saniye
Bellek kullanımı: 959.87 MB
CPU kullanımı: 9.4%
İşlenen toplam kare: 60829
Tespit edilen toplam plaka: 1
Plaka sözlüğü boyutu: 2
---------------------------

--- Sistem başlatıldı: 2025-04-04 16:39:47.500223 ---
GPU kullanımı: Etkin

--- Sistem başlatıldı: 2025-04-04 16:41:33.930538 ---
GPU kullanımı: Etkin

--- Sistem başlatıldı: 2025-04-04 16:44:58.403554 ---
GPU kullanımı: Etkin

--- Sistem başlatıldı: 2025-04-05 15:01:55.952511 ---
GPU kullanımı: Etkin

--- Sistem başlatıldı: 2025-04-07 22:08:16.925884 ---
GPU kullanımı: Devre dışı

--- Sistem başlatıldı: 2025-04-07 22:09:32.567842 ---
GPU kullanımı: Devre dışı

--- Sistem başlatıldı: 2025-04-07 22:10:04.783003 ---
GPU kullanımı: Devre dışı

--- Sistem başlatıldı: 2025-04-07 22:10:47.927682 ---
GPU kullanımı: Devre dışı

--- Sistem başlatıldı: 2025-04-07 22:12:05.000476 ---
GPU kullanımı: Devre dışı

--- Sistem başlatıldı: 2025-04-07 22:12:31.896309 ---
GPU kullanımı: Devre dışı

--- 2025-04-07 22:17:31.359513 ---
Çalışma süresi: 0 saat, 5 dakika, 0 saniye
Bellek kullanımı: 1119.90 MB
CPU kullanımı: 0.0%
İşlenen toplam kare: 7284
Tespit edilen toplam plaka: 2
Plaka sözlüğü boyutu: 3
---------------------------

--- 2025-04-07 22:22:31.375569 ---
Çalışma süresi: 0 saat, 10 dakika, 0 saniye
Bellek kullanımı: 1113.21 MB
CPU kullanımı: 4.7%
İşlenen toplam kare: 13197
Tespit edilen toplam plaka: 2
Plaka sözlüğü boyutu: 3
---------------------------

--- 2025-04-07 22:27:31.404800 ---
Çalışma süresi: 0 saat, 15 dakika, 0 saniye
Bellek kullanımı: 1111.52 MB
CPU kullanımı: 4.7%
İşlenen toplam kare: 17576
Tespit edilen toplam plaka: 2
Plaka sözlüğü boyutu: 3
---------------------------

--- 2025-04-07 22:32:31.444092 ---
Çalışma süresi: 0 saat, 20 dakika, 0 saniye
Bellek kullanımı: 1117.20 MB
CPU kullanımı: 1.6%
İşlenen toplam kare: 21200
Tespit edilen toplam plaka: 2
Plaka sözlüğü boyutu: 3
---------------------------

--- 2025-04-07 22:37:31.456202 ---
Çalışma süresi: 0 saat, 25 dakika, 0 saniye
Bellek kullanımı: 1138.34 MB
CPU kullanımı: 1.6%
İşlenen toplam kare: 25735
Tespit edilen toplam plaka: 2
Plaka sözlüğü boyutu: 3
---------------------------

--- 2025-04-07 22:42:31.486746 ---
Çalışma süresi: 0 saat, 30 dakika, 0 saniye
Bellek kullanımı: 1038.63 MB
CPU kullanımı: 6.2%
İşlenen toplam kare: 30497
Tespit edilen toplam plaka: 2
Plaka sözlüğü boyutu: 3
---------------------------

--- 2025-04-07 22:47:31.546123 ---
Çalışma süresi: 0 saat, 35 dakika, 0 saniye
Bellek kullanımı: 577.65 MB
CPU kullanımı: 1.6%
İşlenen toplam kare: 36938
Tespit edilen toplam plaka: 2
Plaka sözlüğü boyutu: 3
---------------------------

--- 2025-04-07 22:52:31.584554 ---
Çalışma süresi: 0 saat, 40 dakika, 0 saniye
Bellek kullanımı: 521.06 MB
CPU kullanımı: 0.0%
İşlenen toplam kare: 42379
Tespit edilen toplam plaka: 2
Plaka sözlüğü boyutu: 3
---------------------------

--- 2025-04-07 22:57:31.620464 ---
Çalışma süresi: 0 saat, 45 dakika, 0 saniye
Bellek kullanımı: 511.01 MB
CPU kullanımı: 3.1%
İşlenen toplam kare: 48295
Tespit edilen toplam plaka: 2
Plaka sözlüğü boyutu: 3
---------------------------

--- Sistem başlatıldı: 2025-04-07 23:19:24.659249 ---
GPU kullanımı: Devre dışı

--- Sistem başlatıldı: 2025-04-08 01:48:50.444997 ---
GPU kullanımı: Devre dışı

--- Sistem başlatıldı: 2025-04-08 02:33:11.459645 ---
GPU kullanımı: Devre dışı

--- 2025-04-08 02:38:07.523927 ---
Çalışma süresi: 0 saat, 5 dakika, 0 saniye
Bellek kullanımı: 806.04 MB
CPU kullanımı: 142.2%
İşlenen toplam kare: 2281
Tespit edilen toplam plaka: 1
Plaka sözlüğü boyutu: 2
---------------------------

--- 2025-04-08 02:43:07.533258 ---
Çalışma süresi: 0 saat, 10 dakika, 0 saniye
Bellek kullanımı: 845.28 MB
CPU kullanımı: 9.4%
İşlenen toplam kare: 7035
Tespit edilen toplam plaka: 2
Plaka sözlüğü boyutu: 4
---------------------------

--- Sistem başlatıldı: 2025-04-08 03:00:00.402070 ---
GPU kullanımı: Devre dışı

--- 2025-04-08 03:04:56.068038 ---
Çalışma süresi: 0 saat, 5 dakika, 0 saniye
Bellek kullanımı: 801.31 MB
CPU kullanımı: 3.1%
İşlenen toplam kare: 6574
Tespit edilen toplam plaka: 1
Plaka sözlüğü boyutu: 2
---------------------------

--- 2025-04-08 03:09:56.070105 ---
Çalışma süresi: 0 saat, 10 dakika, 0 saniye
Bellek kullanımı: 1047.50 MB
CPU kullanımı: 3.1%
İşlenen toplam kare: 14713
Tespit edilen toplam plaka: 3
Plaka sözlüğü boyutu: 5
---------------------------

--- Sistem başlatıldı: 2025-04-08 03:29:10.766713 ---
GPU kullanımı: Devre dışı

--- Sistem başlatıldı: 2025-04-08 03:31:04.808612 ---
GPU kullanımı: Devre dışı

--- 2025-04-08 03:36:04.215589 ---
Çalışma süresi: 0 saat, 5 dakika, 0 saniye
Bellek kullanımı: 773.48 MB
CPU kullanımı: 10.9%
İşlenen toplam kare: 6910
Tespit edilen toplam plaka: 3
Plaka sözlüğü boyutu: 4
---------------------------

--- Sistem başlatıldı: 2025-04-08 03:39:50.259449 ---
GPU kullanımı: Devre dışı

--- Sistem başlatıldı: 2025-04-08 03:41:40.624909 ---
GPU kullanımı: Devre dışı

--- 2025-04-08 03:46:40.280544 ---
Çalışma süresi: 0 saat, 5 dakika, 0 saniye
Bellek kullanımı: 793.89 MB
CPU kullanımı: 148.4%
İşlenen toplam kare: 6641
Tespit edilen toplam plaka: 2
Plaka sözlüğü boyutu: 3
---------------------------

--- Sistem başlatıldı: 2025-04-08 12:44:56.471518 ---
GPU kullanımı: Devre dışı

--- 2025-04-08 12:49:54.968425 ---
Çalışma süresi: 0 saat, 5 dakika, 0 saniye
Bellek kullanımı: 802.65 MB
CPU kullanımı: 7.8%
İşlenen toplam kare: 6184
Tespit edilen toplam plaka: 2
Plaka sözlüğü boyutu: 4
---------------------------

--- 2025-04-08 12:54:54.997698 ---
Çalışma süresi: 0 saat, 10 dakika, 0 saniye
Bellek kullanımı: 818.68 MB
CPU kullanımı: 6.2%
İşlenen toplam kare: 13187
Tespit edilen toplam plaka: 4
Plaka sözlüğü boyutu: 6
---------------------------

--- Sistem başlatıldı: 2025-04-08 13:16:30.286761 ---
GPU kullanımı: Devre dışı

--- 2025-04-08 13:21:29.078892 ---
Çalışma süresi: 0 saat, 5 dakika, 0 saniye
Bellek kullanımı: 728.68 MB
CPU kullanımı: 1.6%
İşlenen toplam kare: 7313
Tespit edilen toplam plaka: 0
Plaka sözlüğü boyutu: 0
---------------------------

--- 2025-04-08 13:26:29.121781 ---
Çalışma süresi: 0 saat, 10 dakika, 0 saniye
Bellek kullanımı: 779.18 MB
CPU kullanımı: 6.2%
İşlenen toplam kare: 15143
Tespit edilen toplam plaka: 3
Plaka sözlüğü boyutu: 4
---------------------------

--- Sistem başlatıldı: 2025-04-08 15:27:29.660287 ---
GPU kullanımı: Devre dışı

--- Sistem başlatıldı: 2025-04-08 23:26:13.911506 ---
GPU kullanımı: Devre dışı

--- Sistem başlatıldı: 2025-04-09 12:19:30.027173 ---
GPU kullanımı: Devre dışı

--- Sistem başlatıldı: 2025-04-09 12:20:34.752791 ---
GPU kullanımı: Devre dışı

--- Sistem başlatıldı: 2025-04-09 12:40:32.913163 ---
GPU kullanımı: Devre dışı

--- Sistem başlatıldı: 2025-04-19 03:26:16.738273 ---
GPU kullanımı: Devre dışı

--- 2025-04-19 03:31:15.162067 ---
Çalışma süresi: 0 saat, 5 dakika, 0 saniye
Bellek kullanımı: 724.01 MB
CPU kullanımı: 15.6%
İşlenen toplam kare: 8245
Tespit edilen toplam plaka: 0
Plaka sözlüğü boyutu: 0
---------------------------

--- 2025-04-19 03:36:15.196822 ---
Çalışma süresi: 0 saat, 10 dakika, 0 saniye
Bellek kullanımı: 706.54 MB
CPU kullanımı: 3.1%
İşlenen toplam kare: 16196
Tespit edilen toplam plaka: 0
Plaka sözlüğü boyutu: 0
---------------------------

--- 2025-04-19 03:41:15.272850 ---
Çalışma süresi: 0 saat, 15 dakika, 0 saniye
Bellek kullanımı: 764.41 MB
CPU kullanımı: 0.0%
İşlenen toplam kare: 23907
Tespit edilen toplam plaka: 2
Plaka sözlüğü boyutu: 3
---------------------------

--- Sistem başlatıldı: 2025-04-20 18:23:20.341083 ---
GPU kullanımı: Devre dışı

--- 2025-04-20 18:28:18.763326 ---
Çalışma süresi: 0 saat, 5 dakika, 0 saniye
Bellek kullanımı: 1103.68 MB
CPU kullanımı: 1.6%
İşlenen toplam kare: 5105
Tespit edilen toplam plaka: 2
Plaka sözlüğü boyutu: 3
---------------------------

--- 2025-04-20 18:33:18.771949 ---
Çalışma süresi: 0 saat, 10 dakika, 0 saniye
Bellek kullanımı: 1094.14 MB
CPU kullanımı: 3.1%
İşlenen toplam kare: 11008
Tespit edilen toplam plaka: 2
Plaka sözlüğü boyutu: 3
---------------------------

--- 2025-04-20 18:38:18.811927 ---
Çalışma süresi: 0 saat, 15 dakika, 0 saniye
Bellek kullanımı: 1223.30 MB
CPU kullanımı: 3.1%
İşlenen toplam kare: 15906
Tespit edilen toplam plaka: 3
Plaka sözlüğü boyutu: 5
---------------------------

--- Sistem başlatıldı: 2025-04-21 14:39:57.920556 ---
GPU kullanımı: Devre dışı

--- Sistem başlatıldı: 2025-04-21 14:52:20.010440 ---
GPU kullanımı: Devre dışı

--- Sistem başlatıldı: 2025-04-21 15:02:10.105814 ---
GPU kullanımı: Devre dışı

--- 2025-04-21 15:07:09.596628 ---
Çalışma süresi: 0 saat, 5 dakika, 0 saniye
Bellek kullanımı: 804.89 MB
CPU kullanımı: 3.1%
İşlenen toplam kare: 6670
Tespit edilen toplam plaka: 2
Plaka sözlüğü boyutu: 2
---------------------------

--- Sistem başlatıldı: 2025-04-21 15:18:38.110689 ---
GPU kullanımı: Devre dışı

--- 2025-04-21 15:23:37.564606 ---
Çalışma süresi: 0 saat, 5 dakika, 0 saniye
Bellek kullanımı: 849.18 MB
CPU kullanımı: 3.1%
İşlenen toplam kare: 6875
Tespit edilen toplam plaka: 2
Plaka sözlüğü boyutu: 2
---------------------------

--- Sistem başlatıldı: 2025-04-21 16:09:31.572543 ---
GPU kullanımı: Devre dışı

--- 2025-04-21 16:14:30.961672 ---
Çalışma süresi: 0 saat, 5 dakika, 0 saniye
Bellek kullanımı: 776.92 MB
CPU kullanımı: 0.0%
İşlenen toplam kare: 7710
Tespit edilen toplam plaka: 3
Plaka sözlüğü boyutu: 4
---------------------------

--- 2025-04-21 16:19:30.982143 ---
Çalışma süresi: 0 saat, 10 dakika, 0 saniye
Bellek kullanımı: 785.89 MB
CPU kullanımı: 3.1%
İşlenen toplam kare: 15815
Tespit edilen toplam plaka: 4
Plaka sözlüğü boyutu: 5
---------------------------

--- Sistem başlatıldı: 2025-04-21 16:57:15.472508 ---
GPU kullanımı: Devre dışı

--- 2025-04-21 17:02:14.882446 ---
Çalışma süresi: 0 saat, 5 dakika, 0 saniye
Bellek kullanımı: 741.11 MB
CPU kullanımı: 0.0%
İşlenen toplam kare: 7804
Tespit edilen toplam plaka: 1
Plaka sözlüğü boyutu: 1
---------------------------

--- 2025-04-21 17:07:14.891200 ---
Çalışma süresi: 0 saat, 10 dakika, 0 saniye
Bellek kullanımı: 774.98 MB
CPU kullanımı: 1.6%
İşlenen toplam kare: 15381
Tespit edilen toplam plaka: 2
Plaka sözlüğü boyutu: 2
---------------------------

--- Sistem başlatıldı: 2025-04-21 17:22:58.953916 ---
GPU kullanımı: Devre dışı

--- 2025-04-21 17:27:58.315034 ---
Çalışma süresi: 0 saat, 5 dakika, 0 saniye
Bellek kullanımı: 762.24 MB
CPU kullanımı: 3.1%
İşlenen toplam kare: 8006
Tespit edilen toplam plaka: 2
Plaka sözlüğü boyutu: 2
---------------------------

--- Sistem başlatıldı: 2025-04-22 11:43:23.141089 ---
GPU kullanımı: Devre dışı

--- 2025-04-22 11:48:18.378536 ---
Çalışma süresi: 0 saat, 5 dakika, 0 saniye
Bellek kullanımı: 759.81 MB
CPU kullanımı: 6.2%
İşlenen toplam kare: 6652
Tespit edilen toplam plaka: 2
Plaka sözlüğü boyutu: 4
---------------------------

--- 2025-04-22 11:53:18.402933 ---
Çalışma süresi: 0 saat, 10 dakika, 0 saniye
Bellek kullanımı: 764.49 MB
CPU kullanımı: 10.9%
İşlenen toplam kare: 14599
Tespit edilen toplam plaka: 2
Plaka sözlüğü boyutu: 4
---------------------------

--- Sistem başlatıldı: 2025-04-22 11:57:55.406557 ---
GPU kullanımı: Devre dışı

--- 2025-04-22 12:02:50.419907 ---
Çalışma süresi: 0 saat, 5 dakika, 0 saniye
Bellek kullanımı: 744.44 MB
CPU kullanımı: 140.6%
İşlenen toplam kare: 3841
Tespit edilen toplam plaka: 1
Plaka sözlüğü boyutu: 1
---------------------------

--- 2025-04-22 12:07:50.433142 ---
Çalışma süresi: 0 saat, 10 dakika, 0 saniye
Bellek kullanımı: 744.59 MB
CPU kullanımı: 59.4%
İşlenen toplam kare: 11976
Tespit edilen toplam plaka: 1
Plaka sözlüğü boyutu: 1
---------------------------

--- 2025-04-22 12:12:50.457963 ---
Çalışma süresi: 0 saat, 15 dakika, 0 saniye
Bellek kullanımı: 726.78 MB
CPU kullanımı: 6.2%
İşlenen toplam kare: 20032
Tespit edilen toplam plaka: 1
Plaka sözlüğü boyutu: 1
---------------------------

--- 2025-04-22 12:21:11.001738 ---
Çalışma süresi: 0 saat, 23 dakika, 20 saniye
Bellek kullanımı: 738.10 MB
CPU kullanımı: 6.2%
İşlenen toplam kare: 21194
Tespit edilen toplam plaka: 1
Plaka sözlüğü boyutu: 1
---------------------------

--- Sistem başlatıldı: 2025-04-22 14:27:00.311690 ---
GPU kullanımı: Devre dışı

--- 2025-04-22 14:31:55.301969 ---
Çalışma süresi: 0 saat, 5 dakika, 0 saniye
Bellek kullanımı: 745.37 MB
CPU kullanımı: 3.1%
İşlenen toplam kare: 6910
Tespit edilen toplam plaka: 2
Plaka sözlüğü boyutu: 2
---------------------------

--- Sistem başlatıldı: 2025-04-24 13:08:12.080312 ---
GPU kullanımı: Devre dışı

--- 2025-04-24 13:13:11.497394 ---
Çalışma süresi: 0 saat, 5 dakika, 0 saniye
Bellek kullanımı: 1105.53 MB
CPU kullanımı: 3.1%
İşlenen toplam kare: 5229
Tespit edilen toplam plaka: 2
Plaka sözlüğü boyutu: 2
---------------------------

--- 2025-04-24 13:18:11.514239 ---
Çalışma süresi: 0 saat, 10 dakika, 0 saniye
Bellek kullanımı: 1127.54 MB
CPU kullanımı: 1.6%
İşlenen toplam kare: 9949
Tespit edilen toplam plaka: 3
Plaka sözlüğü boyutu: 3
---------------------------

--- 2025-04-24 13:23:11.528497 ---
Çalışma süresi: 0 saat, 15 dakika, 0 saniye
Bellek kullanımı: 1095.99 MB
CPU kullanımı: 1.6%
İşlenen toplam kare: 18904
Tespit edilen toplam plaka: 3
Plaka sözlüğü boyutu: 3
---------------------------

--- 2025-04-24 13:28:11.558523 ---
Çalışma süresi: 0 saat, 20 dakika, 0 saniye
Bellek kullanımı: 1170.23 MB
CPU kullanımı: 0.0%
İşlenen toplam kare: 27857
Tespit edilen toplam plaka: 3
Plaka sözlüğü boyutu: 3
---------------------------

--- 2025-04-24 13:33:11.593706 ---
Çalışma süresi: 0 saat, 25 dakika, 0 saniye
Bellek kullanımı: 1170.43 MB
CPU kullanımı: 1.6%
İşlenen toplam kare: 36819
Tespit edilen toplam plaka: 3
Plaka sözlüğü boyutu: 3
---------------------------

--- 2025-04-24 13:38:11.623318 ---
Çalışma süresi: 0 saat, 30 dakika, 0 saniye
Bellek kullanımı: 1096.59 MB
CPU kullanımı: 1.6%
İşlenen toplam kare: 45766
Tespit edilen toplam plaka: 3
Plaka sözlüğü boyutu: 3
---------------------------

--- 2025-04-24 13:43:11.657753 ---
Çalışma süresi: 0 saat, 35 dakika, 0 saniye
Bellek kullanımı: 1097.28 MB
CPU kullanımı: 1.6%
İşlenen toplam kare: 54719
Tespit edilen toplam plaka: 3
Plaka sözlüğü boyutu: 3
---------------------------

--- 2025-04-24 13:48:11.688748 ---
Çalışma süresi: 0 saat, 40 dakika, 0 saniye
Bellek kullanımı: 1098.73 MB
CPU kullanımı: 1.6%
İşlenen toplam kare: 63675
Tespit edilen toplam plaka: 3
Plaka sözlüğü boyutu: 3
---------------------------

--- 2025-04-24 13:53:11.720550 ---
Çalışma süresi: 0 saat, 45 dakika, 0 saniye
Bellek kullanımı: 1097.11 MB
CPU kullanımı: 1.6%
İşlenen toplam kare: 72634
Tespit edilen toplam plaka: 3
Plaka sözlüğü boyutu: 3
---------------------------

--- 2025-04-24 13:58:11.753723 ---
Çalışma süresi: 0 saat, 50 dakika, 0 saniye
Bellek kullanımı: 1097.94 MB
CPU kullanımı: 1.6%
İşlenen toplam kare: 81590
Tespit edilen toplam plaka: 3
Plaka sözlüğü boyutu: 3
---------------------------

--- 2025-04-24 14:03:11.771442 ---
Çalışma süresi: 0 saat, 55 dakika, 0 saniye
Bellek kullanımı: 1092.46 MB
CPU kullanımı: 3.1%
İşlenen toplam kare: 90236
Tespit edilen toplam plaka: 3
Plaka sözlüğü boyutu: 4
---------------------------

--- Sistem başlatıldı: 2025-04-24 14:18:57.779277 ---
GPU kullanımı: Devre dışı

--- 2025-04-24 14:23:57.043081 ---
Çalışma süresi: 0 saat, 5 dakika, 0 saniye
Bellek kullanımı: 1132.16 MB
CPU kullanımı: 3.1%
İşlenen toplam kare: 6882
Tespit edilen toplam plaka: 1
Plaka sözlüğü boyutu: 1

--- Plaka Tespit Süreleri ---
Plaka No, İlk Görülme, Tespit Süresi (ms), Tanıma Süresi (ms), Toplam Süre (ms), İlk Görülmeden İtibaren (sn)
02ABG585, 14:20:04, 42.3, 782.8, 825.0, 232.88
---------------------------

--- Sistem başlatıldı: 2025-04-24 14:26:45.833029 ---
GPU kullanımı: Devre dışı

--- Sistem başlatıldı: 2025-04-24 14:29:32.313846 ---
GPU kullanımı: Devre dışı

--- 2025-04-24 14:34:31.630969 ---
Çalışma süresi: 0 saat, 5 dakika, 0 saniye
Bellek kullanımı: 971.44 MB
CPU kullanımı: 1.6%
İşlenen toplam kare: 5362
Tespit edilen toplam plaka: 0
Plaka sözlüğü boyutu: 0
---------------------------

--- Sistem başlatıldı: 2025-04-24 14:36:46.475990 ---
GPU kullanımı: Devre dışı

--- Sistem başlatıldı: 2025-04-24 14:47:14.448622 ---
GPU kullanımı: Devre dışı

--- 2025-04-24 14:52:13.896558 ---
Çalışma süresi: 0 saat, 5 dakika, 0 saniye
Bellek kullanımı: 931.64 MB
CPU kullanımı: 3.1%
İşlenen toplam kare: 7673
Tespit edilen toplam plaka: 0
Plaka sözlüğü boyutu: 0
---------------------------

--- 2025-04-24 14:57:13.926826 ---
Çalışma süresi: 0 saat, 10 dakika, 0 saniye
Bellek kullanımı: 932.62 MB
CPU kullanımı: 3.1%
İşlenen toplam kare: 16632
Tespit edilen toplam plaka: 0
Plaka sözlüğü boyutu: 0
---------------------------

--- 2025-04-24 15:02:13.963667 ---
Çalışma süresi: 0 saat, 15 dakika, 0 saniye
Bellek kullanımı: 933.52 MB
CPU kullanımı: 3.1%
İşlenen toplam kare: 25581
Tespit edilen toplam plaka: 0
Plaka sözlüğü boyutu: 0
---------------------------

--- Sistem başlatıldı: 2025-04-24 15:06:56.089287 ---
GPU kullanımı: Devre dışı

--- 2025-04-24 15:11:55.529239 ---
Çalışma süresi: 0 saat, 5 dakika, 0 saniye
Bellek kullanımı: 1187.56 MB
CPU kullanımı: 3.1%
İşlenen toplam kare: 6094
Tespit edilen toplam plaka: 2
Plaka sözlüğü boyutu: 3

--- Plaka Tespit Süreleri ---
Plaka No, İlk Görülme, Tespit Süresi (ms), Tanıma Süresi (ms), Toplam Süre (ms), İlk Görülmeden İtibaren (sn)
02ABG585, 15:08:26, 50.2, 445.6, 495.7, 208.56
72ABG585, 15:10:50, 47.2, 438.6, 485.8, 65.28
34LP5447, 15:11:22, 46.4, 778.2, 824.6, 32.72
---------------------------

--- Sistem başlatıldı: 2025-04-24 15:28:24.979494 ---
GPU kullanımı: Devre dışı

--- Sistem başlatıldı: 2025-04-24 15:30:25.220324 ---
GPU kullanımı: Devre dışı

--- 2025-04-24 15:35:24.663491 ---
Çalışma süresi: 0 saat, 5 dakika, 0 saniye
Bellek kullanımı: 1140.21 MB
CPU kullanımı: 6.2%
İşlenen toplam kare: 5780
Tespit edilen toplam plaka: 2
Plaka sözlüğü boyutu: 2
---------------------------

--- 2025-04-24 15:40:24.697787 ---
Çalışma süresi: 0 saat, 10 dakika, 0 saniye
Bellek kullanımı: 1111.89 MB
CPU kullanımı: 9.4%
İşlenen toplam kare: 12945
Tespit edilen toplam plaka: 2
Plaka sözlüğü boyutu: 3
---------------------------

--- Sistem başlatıldı: 2025-04-24 15:51:47.711941 ---
GPU kullanımı: Devre dışı

--- Sistem başlatıldı: 2025-04-24 15:54:08.146097 ---
GPU kullanımı: Devre dışı

--- 2025-04-24 15:59:07.129185 ---
Çalışma süresi: 0 saat, 5 dakika, 0 saniye
Bellek kullanımı: 815.78 MB
CPU kullanımı: 18.8%
İşlenen toplam kare: 5818
Tespit edilen toplam plaka: 0
Plaka sözlüğü boyutu: 0
---------------------------

--- Sistem başlatıldı: 2025-04-24 16:03:00.842948 ---
GPU kullanımı: Devre dışı

--- 2025-04-24 16:07:59.840629 ---
Çalışma süresi: 0 saat, 5 dakika, 0 saniye
Bellek kullanımı: 807.54 MB
CPU kullanımı: 4.7%
İşlenen toplam kare: 6431
Tespit edilen toplam plaka: 0
Plaka sözlüğü boyutu: 1
---------------------------

--- Sistem başlatıldı: 2025-04-24 16:11:49.838691 ---
GPU kullanımı: Devre dışı

--- Sistem başlatıldı: 2025-04-24 16:14:22.738034 ---
GPU kullanımı: Devre dışı

--- 2025-04-24 16:19:21.822609 ---
Çalışma süresi: 0 saat, 5 dakika, 0 saniye
Bellek kullanımı: 848.11 MB
CPU kullanımı: 3.1%
İşlenen toplam kare: 4916
Tespit edilen toplam plaka: 3
Plaka sözlüğü boyutu: 8
---------------------------

--- Sistem başlatıldı: 2025-04-24 16:30:03.179841 ---
GPU kullanımı: Devre dışı

--- 2025-04-24 16:35:04.074695 ---
Çalışma süresi: 0 saat, 5 dakika, 1 saniye
Bellek kullanımı: 782.98 MB
CPU kullanımı: 146.9%
İşlenen toplam kare: 3796
Tespit edilen toplam plaka: 1
Plaka sözlüğü boyutu: 1
---------------------------

--- 2025-04-24 16:40:04.340339 ---
Çalışma süresi: 0 saat, 10 dakika, 1 saniye
Bellek kullanımı: 818.00 MB
CPU kullanımı: 139.1%
İşlenen toplam kare: 7141
Tespit edilen toplam plaka: 3
Plaka sözlüğü boyutu: 3
---------------------------

--- Sistem başlatıldı: 2025-04-24 16:45:08.120836 ---
GPU kullanımı: Devre dışı

--- Sistem başlatıldı: 2025-04-24 21:55:06.797863 ---
GPU kullanımı: Devre dışı

--- Sistem başlatıldı: 2025-04-25 11:01:09.751756 ---
GPU kullanımı: Devre dışı

--- Sistem başlatıldı: 2025-04-25 11:05:08.337870 ---
GPU kullanımı: Devre dışı

--- Sistem başlatıldı: 2025-04-25 11:08:57.844226 ---
GPU kullanımı: Devre dışı

--- 2025-04-25 11:13:56.912267 ---
Çalışma süresi: 0 saat, 5 dakika, 0 saniye
Bellek kullanımı: 750.46 MB
CPU kullanımı: 3.1%
İşlenen toplam kare: 7336
Tespit edilen toplam plaka: 0
Plaka sözlüğü boyutu: 2
---------------------------

--- Sistem başlatıldı: 2025-04-25 11:45:34.942133 ---
GPU kullanımı: Devre dışı

--- 2025-04-25 11:50:34.073515 ---
Çalışma süresi: 0 saat, 5 dakika, 0 saniye
Bellek kullanımı: 802.80 MB
CPU kullanımı: 10.9%
İşlenen toplam kare: 6159
Tespit edilen toplam plaka: 4
Plaka sözlüğü boyutu: 4
---------------------------

--- Sistem başlatıldı: 2025-04-25 11:57:14.087169 ---
GPU kullanımı: Devre dışı

--- 2025-04-25 12:02:13.546788 ---
Çalışma süresi: 0 saat, 5 dakika, 0 saniye
Bellek kullanımı: 1174.49 MB
CPU kullanımı: 0.0%
İşlenen toplam kare: 7855
Tespit edilen toplam plaka: 1
Plaka sözlüğü boyutu: 3
---------------------------

--- 2025-04-25 12:07:13.594661 ---
Çalışma süresi: 0 saat, 10 dakika, 0 saniye
Bellek kullanımı: 1250.84 MB
CPU kullanımı: 3.1%
İşlenen toplam kare: 16392
Tespit edilen toplam plaka: 2
Plaka sözlüğü boyutu: 5
---------------------------

--- Sistem başlatıldı: 2025-04-25 12:17:11.418745 ---
GPU kullanımı: Devre dışı

--- 2025-04-25 12:22:11.908025 ---
Çalışma süresi: 0 saat, 5 dakika, 1 saniye
Bellek kullanımı: 783.36 MB
CPU kullanımı: 3.1%
İşlenen toplam kare: 6810
Tespit edilen toplam plaka: 1
Plaka sözlüğü boyutu: 2
---------------------------

--- 2025-04-25 12:27:11.928163 ---
Çalışma süresi: 0 saat, 10 dakika, 1 saniye
Bellek kullanımı: 804.67 MB
CPU kullanımı: 4.7%
İşlenen toplam kare: 14513
Tespit edilen toplam plaka: 2
Plaka sözlüğü boyutu: 4
---------------------------

--- Sistem başlatıldı: 2025-04-27 02:40:54.978508 ---
GPU kullanımı: Devre dışı

--- 2025-04-27 02:45:54.244604 ---
Çalışma süresi: 0 saat, 5 dakika, 0 saniye
Bellek kullanımı: 1128.01 MB
CPU kullanımı: 4.7%
İşlenen toplam kare: 4721
Tespit edilen toplam plaka: 2
Plaka sözlüğü boyutu: 4
---------------------------

--- Sistem başlatıldı: 2025-05-04 14:42:45.120515 ---
GPU kullanımı: Devre dışı

--- 2025-05-04 14:47:44.645315 ---
Çalışma süresi: 0 saat, 5 dakika, 0 saniye
Bellek kullanımı: 1189.62 MB
CPU kullanımı: 0.0%
İşlenen toplam kare: 5315
Tespit edilen toplam plaka: 4
Plaka sözlüğü boyutu: 7
---------------------------

--- 2025-05-04 14:52:44.683574 ---
Çalışma süresi: 0 saat, 10 dakika, 0 saniye
Bellek kullanımı: 1187.32 MB
CPU kullanımı: 0.0%
İşlenen toplam kare: 11189
Tespit edilen toplam plaka: 4
Plaka sözlüğü boyutu: 9
---------------------------

--- Sistem başlatıldı: 2025-05-04 15:03:50.336450 ---
GPU kullanımı: Devre dışı

--- 2025-05-04 15:08:49.804619 ---
Çalışma süresi: 0 saat, 5 dakika, 0 saniye
Bellek kullanımı: 1156.40 MB
CPU kullanımı: 3.1%
İşlenen toplam kare: 6981
Tespit edilen toplam plaka: 3
Plaka sözlüğü boyutu: 5
---------------------------

--- 2025-05-04 15:13:49.810149 ---
Çalışma süresi: 0 saat, 10 dakika, 0 saniye
Bellek kullanımı: 1193.53 MB
CPU kullanımı: 3.1%
İşlenen toplam kare: 12752
Tespit edilen toplam plaka: 4
Plaka sözlüğü boyutu: 8
---------------------------

--- 2025-05-04 15:18:52.612406 ---
Çalışma süresi: 0 saat, 15 dakika, 2 saniye
Bellek kullanımı: 1174.47 MB
CPU kullanımı: 7.8%
İşlenen toplam kare: 18081
Tespit edilen toplam plaka: 4
Plaka sözlüğü boyutu: 9
---------------------------

--- Sistem başlatıldı: 2025-05-04 15:22:42.857143 ---
GPU kullanımı: Devre dışı

--- 2025-05-04 15:27:42.041319 ---
Çalışma süresi: 0 saat, 5 dakika, 2 saniye
Bellek kullanımı: 1169.88 MB
CPU kullanımı: 17.2%
İşlenen toplam kare: 2061
Tespit edilen toplam plaka: 2
Plaka sözlüğü boyutu: 3
---------------------------

--- 2025-05-04 15:32:42.117516 ---
Çalışma süresi: 0 saat, 10 dakika, 2 saniye
Bellek kullanımı: 1117.07 MB
CPU kullanımı: 1.5%
İşlenen toplam kare: 8004
Tespit edilen toplam plaka: 2
Plaka sözlüğü boyutu: 5
---------------------------

--- 2025-05-04 15:39:47.931207 ---
Çalışma süresi: 0 saat, 17 dakika, 8 saniye
Bellek kullanımı: 1327.21 MB
CPU kullanımı: 0.0%
İşlenen toplam kare: 11984
Tespit edilen toplam plaka: 2
Plaka sözlüğü boyutu: 5
---------------------------

--- Sistem başlatıldı: 2025-05-04 15:40:19.498560 ---
GPU kullanımı: Devre dışı

--- Sistem başlatıldı: 2025-05-04 15:46:02.046809 ---
GPU kullanımı: Devre dışı

--- Sistem başlatıldı: 2025-05-04 15:48:51.441105 ---
GPU kullanımı: Devre dışı

--- Sistem başlatıldı: 2025-05-04 15:50:28.816809 ---
GPU kullanımı: Devre dışı

--- 2025-05-04 15:55:28.287865 ---
Çalışma süresi: 0 saat, 5 dakika, 0 saniye
Bellek kullanımı: 1150.54 MB
CPU kullanımı: 6.2%
İşlenen toplam kare: 4147
Tespit edilen toplam plaka: 2
Plaka sözlüğü boyutu: 3
---------------------------

--- Sistem başlatıldı: 2025-05-04 16:01:48.832139 ---
GPU kullanımı: Devre dışı

--- 2025-05-04 16:06:48.463460 ---
Çalışma süresi: 0 saat, 5 dakika, 1 saniye
Bellek kullanımı: 1109.00 MB
CPU kullanımı: 3.1%
İşlenen toplam kare: 1141
Tespit edilen toplam plaka: 0
Plaka sözlüğü boyutu: 1
---------------------------

--- 2025-05-04 16:11:49.080433 ---
Çalışma süresi: 0 saat, 10 dakika, 2 saniye
Bellek kullanımı: 1143.96 MB
CPU kullanımı: 4.7%
İşlenen toplam kare: 3741
Tespit edilen toplam plaka: 2
Plaka sözlüğü boyutu: 3
---------------------------

--- 2025-05-04 16:16:52.288012 ---
Çalışma süresi: 0 saat, 15 dakika, 5 saniye
Bellek kullanımı: 1179.30 MB
CPU kullanımı: 4.7%
İşlenen toplam kare: 6561
Tespit edilen toplam plaka: 4
Plaka sözlüğü boyutu: 4
---------------------------

--- Sistem başlatıldı: 2025-05-04 17:56:54.445997 ---
GPU kullanımı: Devre dışı

--- 2025-05-04 18:01:54.218549 ---
Çalışma süresi: 0 saat, 5 dakika, 0 saniye
Bellek kullanımı: 1098.63 MB
CPU kullanımı: 1.6%
İşlenen toplam kare: 8481
Tespit edilen toplam plaka: 1
Plaka sözlüğü boyutu: 2
---------------------------

--- 2025-05-04 18:06:54.252114 ---
Çalışma süresi: 0 saat, 10 dakika, 0 saniye
Bellek kullanımı: 1141.45 MB
CPU kullanımı: 0.0%
İşlenen toplam kare: 13859
Tespit edilen toplam plaka: 2
Plaka sözlüğü boyutu: 8
---------------------------

--- 2025-05-04 18:11:54.274856 ---
Çalışma süresi: 0 saat, 15 dakika, 0 saniye
Bellek kullanımı: 1248.53 MB
CPU kullanımı: 0.0%
İşlenen toplam kare: 19377
Tespit edilen toplam plaka: 3
Plaka sözlüğü boyutu: 9
---------------------------

--- 2025-05-04 18:16:54.488200 ---
Çalışma süresi: 0 saat, 20 dakika, 0 saniye
Bellek kullanımı: 1140.30 MB
CPU kullanımı: 0.0%
İşlenen toplam kare: 24881
Tespit edilen toplam plaka: 4
Plaka sözlüğü boyutu: 9
---------------------------

--- 2025-05-04 18:21:54.549300 ---
Çalışma süresi: 0 saat, 25 dakika, 0 saniye
Bellek kullanımı: 1141.69 MB
CPU kullanımı: 1.6%
İşlenen toplam kare: 30361
Tespit edilen toplam plaka: 4
Plaka sözlüğü boyutu: 9
---------------------------

--- 2025-05-04 18:26:54.603195 ---
Çalışma süresi: 0 saat, 30 dakika, 0 saniye
Bellek kullanımı: 1153.85 MB
CPU kullanımı: 1.6%
İşlenen toplam kare: 36267
Tespit edilen toplam plaka: 4
Plaka sözlüğü boyutu: 9
---------------------------

--- 2025-05-04 18:31:54.715928 ---
Çalışma süresi: 0 saat, 35 dakika, 0 saniye
Bellek kullanımı: 1153.50 MB
CPU kullanımı: 0.0%
İşlenen toplam kare: 44097
Tespit edilen toplam plaka: 4
Plaka sözlüğü boyutu: 9
---------------------------

--- 2025-05-04 18:36:54.772854 ---
Çalışma süresi: 0 saat, 40 dakika, 0 saniye
Bellek kullanımı: 1153.90 MB
CPU kullanımı: 1.6%
İşlenen toplam kare: 52841
Tespit edilen toplam plaka: 4
Plaka sözlüğü boyutu: 9
---------------------------

--- Sistem başlatıldı: 2025-05-05 01:11:15.267491 ---
GPU kullanımı: Devre dışı

--- Sistem başlatıldı: 2025-05-05 01:14:19.241863 ---
GPU kullanımı: Devre dışı

--- Sistem başlatıldı: 2025-05-05 01:18:25.332773 ---
GPU kullanımı: Devre dışı

--- Sistem başlatıldı: 2025-05-05 01:21:53.238215 ---
GPU kullanımı: Devre dışı

--- Sistem başlatıldı: 2025-05-05 01:24:55.536603 ---
GPU kullanımı: Devre dışı

--- Sistem başlatıldı: 2025-05-05 01:28:02.260512 ---
GPU kullanımı: Devre dışı

--- Sistem başlatıldı: 2025-05-12 17:09:24.887289 ---
GPU kullanımı: Devre dışı

--- 2025-05-12 17:14:23.321520 ---
Çalışma süresi: 0 saat, 5 dakika, 0 saniye
Bellek kullanımı: 707.12 MB
CPU kullanımı: 12.5%
İşlenen toplam kare: 6819
Tespit edilen toplam plaka: 0
Plaka sözlüğü boyutu: 0
---------------------------

--- 2025-05-12 17:19:23.331978 ---
Çalışma süresi: 0 saat, 10 dakika, 0 saniye
Bellek kullanımı: 709.99 MB
CPU kullanımı: 135.3%
İşlenen toplam kare: 15601
Tespit edilen toplam plaka: 0
Plaka sözlüğü boyutu: 0
---------------------------

--- 2025-05-12 17:24:23.347646 ---
Çalışma süresi: 0 saat, 15 dakika, 0 saniye
Bellek kullanımı: 731.30 MB
CPU kullanımı: 10.8%
İşlenen toplam kare: 24256
Tespit edilen toplam plaka: 0
Plaka sözlüğü boyutu: 0
---------------------------

--- Sistem başlatıldı: 2025-05-12 17:25:25.127847 ---
GPU kullanımı: Devre dışı

--- 2025-05-12 17:30:23.313797 ---
Çalışma süresi: 0 saat, 5 dakika, 0 saniye
Bellek kullanımı: 797.70 MB
CPU kullanımı: 7.8%
İşlenen toplam kare: 4817
Tespit edilen toplam plaka: 5
Plaka sözlüğü boyutu: 8
---------------------------
